c:\users\wilsc\source\repos\srw2ho\gpioservices\arm\debug\bme280driver\bme280driver.lib
c:\users\wilsc\source\repos\srw2ho\gpioservices\arm\debug\bme280driver\bme280driver.exp
c:\users\wilsc\source\repos\srw2ho\sharedsources\bme280driver\arm\debug\priconfig.xml
c:\users\wilsc\source\repos\srw2ho\sharedsources\bme280driver\arm\debug\priconfig.xml.intermediate
c:\users\wilsc\source\repos\srw2ho\sharedsources\bme280driver\arm\debug\unfiltered.layout.resfiles
c:\users\wilsc\source\repos\srw2ho\sharedsources\bme280driver\arm\debug\unfiltered.layout.resfiles.intermediate
c:\users\wilsc\source\repos\srw2ho\sharedsources\bme280driver\arm\debug\filtered.layout.resfiles
c:\users\wilsc\source\repos\srw2ho\sharedsources\bme280driver\arm\debug\filtered.layout.resfiles.intermediate
c:\users\wilsc\source\repos\srw2ho\sharedsources\bme280driver\arm\debug\excluded.layout.resfiles
c:\users\wilsc\source\repos\srw2ho\sharedsources\bme280driver\arm\debug\excluded.layout.resfiles.intermediate
c:\users\wilsc\source\repos\srw2ho\sharedsources\bme280driver\arm\debug\resources.resfiles
c:\users\wilsc\source\repos\srw2ho\sharedsources\bme280driver\arm\debug\resources.resfiles.intermediate
c:\users\wilsc\source\repos\srw2ho\sharedsources\bme280driver\arm\debug\pri.resfiles
c:\users\wilsc\source\repos\srw2ho\sharedsources\bme280driver\arm\debug\pri.resfiles.intermediate
c:\users\wilsc\source\repos\srw2ho\gpioservices\arm\debug\bme280driver\bme280driver.pri
c:\users\wilsc\source\repos\srw2ho\sharedsources\bme280driver\arm\debug\qualifiers.txt
c:\users\wilsc\source\repos\srw2ho\sharedsources\bme280driver\arm\debug\qualifiers.txt.intermediate
c:\users\wilsc\source\repos\srw2ho\sharedsources\bme280driver\arm\debug\multiplequalifiersperdimensionfound.txt
c:\users\wilsc\source\repos\srw2ho\sharedsources\bme280driver\arm\debug\bme280driver.pch
c:\users\wilsc\source\repos\srw2ho\sharedsources\bme280driver\arm\debug\vc142.pdb
c:\users\wilsc\source\repos\srw2ho\sharedsources\bme280driver\arm\debug\pch.obj
c:\users\wilsc\source\repos\srw2ho\sharedsources\bme280driver\arm\debug\bme280.obj
c:\users\wilsc\source\repos\srw2ho\sharedsources\bme280driver\arm\debug\bme280driver.obj
c:\users\wilsc\source\repos\srw2ho\sharedsources\bme280driver\arm\debug\dllmain.obj
c:\users\wilsc\source\repos\srw2ho\gpioservices\arm\debug\bme280driver\bme280driver.ilk
c:\users\wilsc\source\repos\srw2ho\gpioservices\arm\debug\bme280driver\bme280driver.dll
c:\users\wilsc\source\repos\srw2ho\gpioservices\arm\debug\bme280driver\bme280driver.pdb
c:\users\wilsc\source\repos\srw2ho\sharedsources\bme280driver\arm\debug\bme280driver.tlog\bme280driver.read.1u.tlog
c:\users\wilsc\source\repos\srw2ho\sharedsources\bme280driver\arm\debug\bme280driver.tlog\bme280driver.write.1u.tlog
c:\users\wilsc\source\repos\srw2ho\sharedsources\bme280driver\arm\debug\bme280driver.tlog\cl.command.1.tlog
c:\users\wilsc\source\repos\srw2ho\sharedsources\bme280driver\arm\debug\bme280driver.tlog\cl.read.1.tlog
c:\users\wilsc\source\repos\srw2ho\sharedsources\bme280driver\arm\debug\bme280driver.tlog\cl.write.1.tlog
c:\users\wilsc\source\repos\srw2ho\sharedsources\bme280driver\arm\debug\bme280driver.tlog\link.command.1.tlog
c:\users\wilsc\source\repos\srw2ho\sharedsources\bme280driver\arm\debug\bme280driver.tlog\link.read.1.tlog
c:\users\wilsc\source\repos\srw2ho\sharedsources\bme280driver\arm\debug\bme280driver.tlog\link.write.1.tlog
