c:\users\wilsc\source\repos\srw2ho\gpioservices\x64\release\bme280driver\bme280driver.lib
c:\users\wilsc\source\repos\srw2ho\gpioservices\x64\release\bme280driver\bme280driver.exp
c:\users\wilsc\source\repos\srw2ho\gpioservices\x64\release\bme280driver\bme280driver.ipdb
c:\users\wilsc\source\repos\srw2ho\gpioservices\x64\release\bme280driver\bme280driver.iobj
c:\users\wilsc\source\repos\srw2ho\sharedsources\bme280driver\x64\release\priconfig.xml
c:\users\wilsc\source\repos\srw2ho\sharedsources\bme280driver\x64\release\priconfig.xml.intermediate
c:\users\wilsc\source\repos\srw2ho\sharedsources\bme280driver\x64\release\unfiltered.layout.resfiles
c:\users\wilsc\source\repos\srw2ho\sharedsources\bme280driver\x64\release\unfiltered.layout.resfiles.intermediate
c:\users\wilsc\source\repos\srw2ho\sharedsources\bme280driver\x64\release\filtered.layout.resfiles
c:\users\wilsc\source\repos\srw2ho\sharedsources\bme280driver\x64\release\filtered.layout.resfiles.intermediate
c:\users\wilsc\source\repos\srw2ho\sharedsources\bme280driver\x64\release\excluded.layout.resfiles
c:\users\wilsc\source\repos\srw2ho\sharedsources\bme280driver\x64\release\excluded.layout.resfiles.intermediate
c:\users\wilsc\source\repos\srw2ho\sharedsources\bme280driver\x64\release\resources.resfiles
c:\users\wilsc\source\repos\srw2ho\sharedsources\bme280driver\x64\release\resources.resfiles.intermediate
c:\users\wilsc\source\repos\srw2ho\sharedsources\bme280driver\x64\release\pri.resfiles
c:\users\wilsc\source\repos\srw2ho\sharedsources\bme280driver\x64\release\pri.resfiles.intermediate
c:\users\wilsc\source\repos\srw2ho\gpioservices\x64\release\bme280driver\bme280driver.pri
c:\users\wilsc\source\repos\srw2ho\sharedsources\bme280driver\x64\release\qualifiers.txt
c:\users\wilsc\source\repos\srw2ho\sharedsources\bme280driver\x64\release\qualifiers.txt.intermediate
c:\users\wilsc\source\repos\srw2ho\sharedsources\bme280driver\x64\release\multiplequalifiersperdimensionfound.txt
c:\users\wilsc\source\repos\srw2ho\sharedsources\bme280driver\x64\release\bme280driver.pch
c:\users\wilsc\source\repos\srw2ho\sharedsources\bme280driver\x64\release\vc142.pdb
c:\users\wilsc\source\repos\srw2ho\sharedsources\bme280driver\x64\release\pch.obj
c:\users\wilsc\source\repos\srw2ho\sharedsources\bme280driver\x64\release\bme280.obj
c:\users\wilsc\source\repos\srw2ho\sharedsources\bme280driver\x64\release\bme280driver.obj
c:\users\wilsc\source\repos\srw2ho\sharedsources\bme280driver\x64\release\dllmain.obj
c:\users\wilsc\source\repos\srw2ho\gpioservices\x64\release\bme280driver\bme280driver.dll
c:\users\wilsc\source\repos\srw2ho\gpioservices\x64\release\bme280driver\bme280driver.pdb
c:\users\wilsc\source\repos\srw2ho\sharedsources\bme280driver\x64\release\bme280driver.tlog\bme280driver.read.1u.tlog
c:\users\wilsc\source\repos\srw2ho\sharedsources\bme280driver\x64\release\bme280driver.tlog\bme280driver.write.1u.tlog
c:\users\wilsc\source\repos\srw2ho\sharedsources\bme280driver\x64\release\bme280driver.tlog\cl.command.1.tlog
c:\users\wilsc\source\repos\srw2ho\sharedsources\bme280driver\x64\release\bme280driver.tlog\cl.read.1.tlog
c:\users\wilsc\source\repos\srw2ho\sharedsources\bme280driver\x64\release\bme280driver.tlog\cl.write.1.tlog
c:\users\wilsc\source\repos\srw2ho\sharedsources\bme280driver\x64\release\bme280driver.tlog\link.command.1.tlog
c:\users\wilsc\source\repos\srw2ho\sharedsources\bme280driver\x64\release\bme280driver.tlog\link.read.1.tlog
c:\users\wilsc\source\repos\srw2ho\sharedsources\bme280driver\x64\release\bme280driver.tlog\link.write.1.tlog
