d:\source\repos\srw2ho\gpioservices\arm\release\bme280driver\microsoft.iot.lightning.providers.dll
d:\source\repos\srw2ho\gpioservices\arm\release\bme280driver\lightning.dll
d:\source\repos\srw2ho\gpioservices\arm\release\bme280driver\microsoft.iot.lightning.providers.winmd
d:\source\repos\srw2ho\sharedsources\bme280driver\arm\release\bme280driver.pch
d:\source\repos\srw2ho\sharedsources\bme280driver\arm\release\vc142.pdb
d:\source\repos\srw2ho\sharedsources\bme280driver\arm\release\pch.obj
d:\source\repos\srw2ho\sharedsources\bme280driver\arm\release\mpack-node.obj
d:\source\repos\srw2ho\sharedsources\bme280driver\arm\release\mpack-common.obj
d:\source\repos\srw2ho\sharedsources\bme280driver\arm\release\mpack-expect.obj
d:\source\repos\srw2ho\sharedsources\bme280driver\arm\release\mpack-reader.obj
d:\source\repos\srw2ho\sharedsources\bme280driver\arm\release\mpack-platform.obj
d:\source\repos\srw2ho\sharedsources\bme280driver\arm\release\mpack-writer.obj
d:\source\repos\srw2ho\sharedsources\bme280driver\arm\release\bme280.obj
d:\source\repos\srw2ho\sharedsources\bme280driver\arm\release\bme680sensor.obj
d:\source\repos\srw2ho\sharedsources\bme280driver\arm\release\bme280sensorexternal.obj
d:\source\repos\srw2ho\sharedsources\bme280driver\arm\release\mpackreader.obj
d:\source\repos\srw2ho\sharedsources\bme280driver\arm\release\bme280driver.obj
d:\source\repos\srw2ho\sharedsources\bme280driver\arm\release\gpiohcsr04.obj
d:\source\repos\srw2ho\sharedsources\bme280driver\arm\release\bme280iotdriverwrapper.obj
d:\source\repos\srw2ho\sharedsources\bme280driver\arm\release\gpiopwmpin.obj
d:\source\repos\srw2ho\sharedsources\bme280driver\arm\release\gpioinout.obj
d:\source\repos\srw2ho\sharedsources\bme280driver\arm\release\gpiopin.obj
d:\source\repos\srw2ho\sharedsources\bme280driver\arm\release\gpioeventpackagequeue.obj
d:\source\repos\srw2ho\sharedsources\bme280driver\arm\release\pwm_mt3620cpp.obj
d:\source\repos\srw2ho\sharedsources\bme280driver\arm\release\adcmt3620.obj
d:\source\repos\srw2ho\sharedsources\bme280driver\arm\release\mpackwriter.obj
d:\source\repos\srw2ho\sharedsources\bme280driver\arm\release\bme280driver.vcxprojassemblyreference.cache
d:\source\repos\srw2ho\sharedsources\bme280driver\arm\release\bme280driver.tlog\bme280driver.read.1u.tlog
d:\source\repos\srw2ho\sharedsources\bme280driver\arm\release\bme280driver.tlog\bme280driver.write.1u.tlog
d:\source\repos\srw2ho\sharedsources\bme280driver\arm\release\bme280driver.tlog\cl.command.1.tlog
d:\source\repos\srw2ho\sharedsources\bme280driver\arm\release\bme280driver.tlog\cl.read.1.tlog
d:\source\repos\srw2ho\sharedsources\bme280driver\arm\release\bme280driver.tlog\cl.write.1.tlog
d:\source\repos\srw2ho\sharedsources\bme280driver\arm\release\bme280driver.tlog\link.command.1.tlog
d:\source\repos\srw2ho\sharedsources\bme280driver\arm\release\bme280driver.tlog\link.read.1.tlog
d:\source\repos\srw2ho\sharedsources\bme280driver\arm\release\bme280driver.tlog\link.write.1.tlog
